<?xml version="1.0" encoding="UTF-8"?>
<!-- Generated by org.testng.reporters.JUnitReportReporter -->
<testsuite hostname="LAPTOP-A5PG7G9H" failures="0" tests="3" name="testNGpackage.TestNGAnnotataion" time="0.089" errors="0" timestamp="2022-12-28T19:41:11 IST" skipped="0">
  <testcase classname="testNGpackage.TestNGAnnotataion" name="method3" time="0.033"/>
  <system-out/>
  <testcase classname="testNGpackage.TestNGAnnotataion" name="method1" time="0.043"/>
  <system-out/>
  <testcase classname="testNGpackage.TestNGAnnotataion" name="method2" time="0.013"/>
  <system-out/>
</testsuite> <!-- testNGpackage.TestNGAnnotataion -->
