<?xml version="1.0" encoding="UTF-8"?>
<!-- Generated by org.testng.reporters.JUnitReportReporter -->
<testsuite hostname="LAPTOP-A5PG7G9H" failures="0" tests="1" name="projectPom.TestClass_verifyHomePage" time="8.077" errors="0" timestamp="2022-12-22T14:05:27 IST" skipped="0">
  <testcase classname="projectPom.TestClass_verifyHomePage" name="method2" time="8.077"/>
  <system-out/>
</testsuite> <!-- projectPom.TestClass_verifyHomePage -->
