<?xml version="1.0" encoding="UTF-8"?>
<!-- Generated by org.testng.reporters.JUnitReportReporter -->
<testsuite hostname="LAPTOP-A5PG7G9H" failures="0" tests="5" name="testNGpackage.Keywords" time="0.122" errors="0" timestamp="2022-12-28T19:41:11 IST" skipped="0">
  <testcase classname="testNGpackage.Keywords" name="home" time="0.043"/>
  <system-out/>
  <testcase classname="testNGpackage.Keywords" name="logout" time="0.023"/>
  <system-out/>
  <testcase classname="testNGpackage.Keywords" name="login" time="0.026"/>
  <system-out/>
  <testcase classname="testNGpackage.Keywords" name="login" time="0.026"/>
  <system-out/>
  <testcase classname="testNGpackage.Keywords" name="login" time="0.004"/>
  <system-out/>
</testsuite> <!-- testNGpackage.Keywords -->
