<?xml version="1.0" encoding="UTF-8"?>
<!-- Generated by org.testng.reporters.JUnitReportReporter -->
<testsuite hostname="LAPTOP-A5PG7G9H" failures="0" tests="1" name="testNGpackage.BeforeTestAfterAnnotation" time="0.008" errors="0" timestamp="2022-12-28T19:41:11 IST" skipped="0">
  <testcase classname="testNGpackage.BeforeTestAfterAnnotation" name="method2" time="0.008"/>
  <system-out/>
</testsuite> <!-- testNGpackage.BeforeTestAfterAnnotation -->
