<?xml version="1.0" encoding="UTF-8"?>
<!-- Generated by org.testng.reporters.JUnitReportReporter -->
<testsuite hostname="LAPTOP-A5PG7G9H" failures="0" tests="3" name="testNGpackage.Keywords2" time="0.061" errors="0" timestamp="2022-12-28T19:41:11 IST" skipped="1">
  <testcase classname="testNGpackage.Keywords2" name="logout" time="0.040"/>
  <system-out/>
  <testcase classname="testNGpackage.Keywords2" name="login" time="0.021"/>
  <system-out/>
  <testcase classname="testNGpackage.Keywords2" name="home">
    <skipped/>
  </testcase> <!-- home -->
  <system-out/>
</testsuite> <!-- testNGpackage.Keywords2 -->
