<?xml version="1.0" encoding="UTF-8"?>
<!-- Generated by org.testng.reporters.JUnitReportReporter -->
<testsuite hostname="LAPTOP-A5PG7G9H" failures="0" tests="5" name="testNGpackage.TestNGKeywords" time="0.088" errors="0" timestamp="2022-12-28T19:41:11 IST" skipped="0">
  <testcase classname="testNGpackage.TestNGKeywords" name="D" time="0.042"/>
  <system-out/>
  <testcase classname="testNGpackage.TestNGKeywords" name="A" time="0.008"/>
  <system-out/>
  <testcase classname="testNGpackage.TestNGKeywords" name="C" time="0.014"/>
  <system-out/>
  <testcase classname="testNGpackage.TestNGKeywords" name="B" time="0.013"/>
  <system-out/>
  <testcase classname="testNGpackage.TestNGKeywords" name="E" time="0.011"/>
  <system-out/>
</testsuite> <!-- testNGpackage.TestNGKeywords -->
