<?xml version="1.0" encoding="UTF-8"?>
<!-- Generated by org.testng.reporters.JUnitReportReporter -->
<testsuite hostname="LAPTOP-A5PG7G9H" failures="0" tests="2" name="projectPom.loginVerify" time="33.082" errors="0" timestamp="2022-12-22T14:24:16 IST" skipped="0">
  <testcase classname="projectPom.loginVerify" name="login" time="15.235"/>
  <system-out/>
  <testcase classname="projectPom.loginVerify" name="logout" time="17.847"/>
  <system-out/>
</testsuite> <!-- projectPom.loginVerify -->
