<?xml version="1.0" encoding="UTF-8"?>
<!-- Generated by org.testng.reporters.JUnitReportReporter -->
<testsuite hostname="LAPTOP-A5PG7G9H" failures="0" tests="1" name="ABC" time="0.032" errors="0" timestamp="2023-01-06T14:42:15 IST" skipped="0">
  <testcase classname="ABC" name="method1" time="0.032"/>
  <system-out/>
</testsuite> <!-- ABC -->
