<?xml version="1.0" encoding="UTF-8"?>
<!-- Generated by org.testng.reporters.JUnitReportReporter -->
<testsuite hostname="LAPTOP-A5PG7G9H" failures="0" tests="1" name="ABC" time="0.015" errors="0" timestamp="2023-01-04T20:53:52 IST" skipped="0">
  <testcase classname="ABC" name="method1" time="0.015"/>
  <system-out/>
</testsuite> <!-- ABC -->
